<?xml version="1.0" encoding="UTF-8"?>
<testsuite xmlns:xsi="http://www.w3.org/2001/XMLSchema-instance" xsi:noNamespaceSchemaLocation="https://maven.apache.org/surefire/maven-surefire-plugin/xsd/surefire-test-report.xsd" version="3.0.2" name="com.enumerate.disease_detection.DiseaseDetectionApplicationTests" time="9.54" tests="1" errors="0" skipped="0" failures="0">
  <properties>
[...]
</properties>
  <testcase name="contextLoads" classname="com.enumerate.disease_detection.DiseaseDetectionApplicationTests" time="0.689">
    <system-out><![CDATA[10:36:01.909 [main] INFO org.springframework.test.context.support.AnnotationConfigContextLoaderUtils -- Could not detect default configuration classes for test class [com.enumerate.disease_detection.DiseaseDetectionApplicationTests]: DiseaseDetectionApplicationTests does not declare any static, non-private, non-final, nested classes annotated with @Configuration.
10:36:02.045 [main] INFO org.springframework.boot.test.context.SpringBootTestContextBootstrapper -- Found @SpringBootConfiguration com.enumerate.disease_detection.DiseaseDetectionApplication for test class com.enumerate.disease_detection.DiseaseDetectionApplicationTests
10:36:02.199 [main] INFO org.springframework.boot.devtools.restart.RestartApplicationListener -- Restart disabled due to context in which it is running

  .   ____          _            __ _ _
 /\\ / ___'_ __ _ _(_)_ __  __ _ \ \ \ \
( ( )\___ | '_ | '_| | '_ \/ _` | \ \ \ \
 \\/  ___)| |_)| | | | | || (_| |  ) ) ) )
  '  |____| .__|_| |_|_| |_\__, | / / / /
 =========|_|==============|___/=/_/_/_/

 :: Spring Boot ::                (v3.5.9)

2026-03-01T10:36:02.564+08:00  INFO 32972 --- [disease_detection] [           main] c.e.d.DiseaseDetectionApplicationTests   : Starting DiseaseDetectionApplicationTests using Java 17.0.12 with PID 32972 (started by enumerate in E:\java_main\codes\disease_detection)
2026-03-01T10:36:02.565+08:00  INFO 32972 --- [disease_detection] [           main] c.e.d.DiseaseDetectionApplicationTests   : The following 1 profile is active: "dev"
2026-03-01T10:36:07.479+08:00  INFO 32972 --- [disease_detection] [           main] .s.d.r.c.RepositoryConfigurationDelegate : Multiple Spring Data modules found, entering strict repository configuration mode
2026-03-01T10:36:07.483+08:00  INFO 32972 --- [disease_detection] [           main] .s.d.r.c.RepositoryConfigurationDelegate : Bootstrapping Spring Data Redis repositories in DEFAULT mode.
2026-03-01T10:36:07.522+08:00  INFO 32972 --- [disease_detection] [           main] .s.d.r.c.RepositoryConfigurationDelegate : Finished Spring Data repository scanning in 15 ms. Found 0 Redis repository interfaces.
 _ _   |_  _ _|_. ___ _ |    _ 
| | |\/|_)(_| | |_\  |_)||_|_\ 
     /               |         
                        3.5.5 
2026-03-01T10:36:08.878+08:00  INFO 32972 --- [disease_detection] [           main] c.e.d.MVC.Service.AgentWorkflowService   : 注册内置工具: 视觉模型工具
2026-03-01T10:36:08.880+08:00  INFO 32972 --- [disease_detection] [           main] c.e.d.MVC.Service.AgentWorkflowService   : 注册内置工具: 用户记忆检索
2026-03-01T10:36:08.881+08:00  INFO 32972 --- [disease_detection] [           main] c.e.d.MVC.Service.AgentWorkflowService   : 注册内置工具: 查询农场信息
2026-03-01T10:36:08.881+08:00  INFO 32972 --- [disease_detection] [           main] c.e.d.MVC.Service.AgentWorkflowService   : 注册内置工具: 搜索病害知识
2026-03-01T10:36:08.882+08:00  INFO 32972 --- [disease_detection] [           main] c.e.d.MVC.Service.AgentWorkflowService   : 注册内置工具: 查询诊断历史
2026-03-01T10:36:08.882+08:00  INFO 32972 --- [disease_detection] [           main] c.e.d.MVC.Service.AgentWorkflowService   : 注册内置工具: 联网搜索
2026-03-01T10:36:08.883+08:00  INFO 32972 --- [disease_detection] [           main] c.e.d.MVC.Service.AgentWorkflowService   : ReAct Agent 初始化完成，已注册 6 个内置工具: [联网搜索, 查询农场信息, 查询诊断历史, 用户记忆检索, 搜索病害知识, 视觉模型工具]
2026-03-01T10:36:10.470+08:00  INFO 32972 --- [disease_detection] [           main] o.s.b.a.e.web.EndpointLinksResolver      : Exposing 1 endpoint beneath base path '/actuator'
2026-03-01T10:36:10.541+08:00  INFO 32972 --- [disease_detection] [           main] c.e.d.DiseaseDetectionApplicationTests   : Started DiseaseDetectionApplicationTests in 8.353 seconds (process running for 9.836)
]]></system-out>
    <system-err><![CDATA[SLF4J(W): Class path contains multiple SLF4J providers.
SLF4J(W): Found provider [ch.qos.logback.classic.spi.LogbackServiceProvider@759d26fb]
SLF4J(W): Found provider [org.slf4j.simple.SimpleServiceProvider@3c73951]
SLF4J(W): See https://www.slf4j.org/codes.html#multiple_bindings for an explanation.
SLF4J(I): Actual provider is of type [ch.qos.logback.classic.spi.LogbackServiceProvider@759d26fb]
]]></system-err>
  </testcase>
</testsuite>